# JRE version: OpenJDK Runtime Environment (11.0.13) (build 11.0.13+0-b1751.21-8125866)
# Java VM: OpenJDK 64-Bit Server VM (11.0.13+0-b1751.21-8125866, mixed mode, tiered, compressed oops, g1 gc, windows-amd64)
Heap:
 garbage-first heap   total 264192K, used 174139K [0x0000000080000000, 0x0000000100000000)
  region size 1024K, 5 young (5120K), 2 survivors (2048K)
 Metaspace       used 109604K, capacity 112790K, committed 113000K, reserved 1146880K
  class space    used 13678K, capacity 14839K, committed 14848K, reserved 1048576K
GC Heap History (20 events):
Event: 245.983 GC heap before
{Heap before GC invocations=86 (full 0):
 garbage-first heap   total 264192K, used 217793K [0x0000000080000000, 0x0000000100000000)
  region size 1024K, 12 young (12288K), 3 survivors (3072K)
 Metaspace       used 104940K, capacity 107972K, committed 108264K, reserved 1142784K
  class space    used 13289K, capacity 14365K, committed 14464K, reserved 1048576K
}
Event: 246.001 GC heap after
{Heap after GC invocations=87 (full 0):
 garbage-first heap   total 264192K, used 207474K [0x0000000080000000, 0x0000000100000000)
  region size 1024K, 2 young (2048K), 2 survivors (2048K)
 Metaspace       used 104940K, capacity 107972K, committed 108264K, reserved 1142784K
  class space    used 13289K, capacity 14365K, committed 14464K, reserved 1048576K
}
Event: 246.413 GC heap before
{Heap before GC invocations=87 (full 0):
 garbage-first heap   total 264192K, used 223858K [0x0000000080000000, 0x0000000100000000)
  region size 1024K, 18 young (18432K), 2 survivors (2048K)
 Metaspace       used 105022K, capacity 108072K, committed 108264K, reserved 1142784K
  class space    used 13296K, capacity 14398K, committed 14464K, reserved 1048576K
}
Event: 246.430 GC heap after
{Heap after GC invocations=88 (full 0):
 garbage-first heap   total 264192K, used 207941K [0x0000000080000000, 0x0000000100000000)
  region size 1024K, 2 young (2048K), 2 survivors (2048K)
 Metaspace       used 105022K, capacity 108072K, committed 108264K, reserved 1142784K
  class space    used 13296K, capacity 14398K, committed 14464K, reserved 1048576K
}
Event: 250.240 GC heap before
{Heap before GC invocations=89 (full 0):
 garbage-first heap   total 264192K, used 225349K [0x0000000080000000, 0x0000000100000000)
  region size 1024K, 19 young (19456K), 2 survivors (2048K)
 Metaspace       used 105025K, capacity 108072K, committed 108264K, reserved 1142784K
  class space    used 13296K, capacity 14398K, committed 14464K, reserved 1048576K
}
Event: 250.261 GC heap after
{Heap after GC invocations=90 (full 0):
 garbage-first heap   total 264192K, used 207719K [0x0000000080000000, 0x0000000100000000)
  region size 1024K, 1 young (1024K), 1 survivors (1024K)
 Metaspace       used 105025K, capacity 108072K, committed 108264K, reserved 1142784K
  class space    used 13296K, capacity 14398K, committed 14464K, reserved 1048576K
}
Event: 250.403 GC heap before
{Heap before GC invocations=90 (full 0):
 garbage-first heap   total 264192K, used 218983K [0x0000000080000000, 0x0000000100000000)
  region size 1024K, 12 young (12288K), 1 survivors (1024K)
 Metaspace       used 105025K, capacity 108072K, committed 108264K, reserved 1142784K
  class space    used 13296K, capacity 14398K, committed 14464K, reserved 1048576K
}
Event: 250.414 GC heap after
{Heap after GC invocations=91 (full 0):
 garbage-first heap   total 264192K, used 207489K [0x0000000080000000, 0x0000000100000000)
  region size 1024K, 1 young (1024K), 1 survivors (1024K)
 Metaspace       used 105025K, capacity 108072K, committed 108264K, reserved 1142784K
  class space    used 13296K, capacity 14398K, committed 14464K, reserved 1048576K
}
Event: 250.579 GC heap before
{Heap before GC invocations=91 (full 0):
 garbage-first heap   total 264192K, used 225921K [0x0000000080000000, 0x0000000100000000)
  region size 1024K, 19 young (19456K), 1 survivors (1024K)
 Metaspace       used 105026K, capacity 108072K, committed 108264K, reserved 1142784K
  class space    used 13296K, capacity 14398K, committed 14464K, reserved 1048576K
}
Event: 250.586 GC heap after
{Heap after GC invocations=92 (full 0):
 garbage-first heap   total 264192K, used 207301K [0x0000000080000000, 0x0000000100000000)
  region size 1024K, 1 young (1024K), 1 survivors (1024K)
 Metaspace       used 105026K, capacity 108072K, committed 108264K, reserved 1142784K
  class space    used 13296K, capacity 14398K, committed 14464K, reserved 1048576K
}
Event: 252.888 GC heap before
{Heap before GC invocations=93 (full 0):
 garbage-first heap   total 264192K, used 222661K [0x0000000080000000, 0x0000000100000000)
  region size 1024K, 17 young (17408K), 1 survivors (1024K)
 Metaspace       used 105057K, capacity 108078K, committed 108264K, reserved 1142784K
  class space    used 13299K, capacity 14400K, committed 14464K, reserved 1048576K
}
Event: 252.910 GC heap after
{Heap after GC invocations=94 (full 0):
 garbage-first heap   total 264192K, used 212575K [0x0000000080000000, 0x0000000100000000)
  region size 1024K, 3 young (3072K), 3 survivors (3072K)
 Metaspace       used 105057K, capacity 108078K, committed 108264K, reserved 1142784K
  class space    used 13299K, capacity 14400K, committed 14464K, reserved 1048576K
}
Event: 254.672 GC heap before
{Heap before GC invocations=95 (full 0):
 garbage-first heap   total 264192K, used 244319K [0x0000000080000000, 0x0000000100000000)
  region size 1024K, 18 young (18432K), 3 survivors (3072K)
 Metaspace       used 105502K, capacity 108615K, committed 108904K, reserved 1144832K
  class space    used 13341K, capacity 14482K, committed 14592K, reserved 1048576K
}
Event: 254.687 GC heap after
{Heap after GC invocations=96 (full 0):
 garbage-first heap   total 264192K, used 213943K [0x0000000080000000, 0x0000000100000000)
  region size 1024K, 2 young (2048K), 2 survivors (2048K)
 Metaspace       used 105502K, capacity 108615K, committed 108904K, reserved 1144832K
  class space    used 13341K, capacity 14482K, committed 14592K, reserved 1048576K
}
Event: 255.024 GC heap before
{Heap before GC invocations=96 (full 0):
 garbage-first heap   total 264192K, used 224183K [0x0000000080000000, 0x0000000100000000)
  region size 1024K, 12 young (12288K), 2 survivors (2048K)
 Metaspace       used 105556K, capacity 108633K, committed 108904K, reserved 1144832K
  class space    used 13344K, capacity 14486K, committed 14592K, reserved 1048576K
}
Event: 255.031 GC heap after
{Heap after GC invocations=97 (full 0):
 garbage-first heap   total 264192K, used 215445K [0x0000000080000000, 0x0000000100000000)
  region size 1024K, 2 young (2048K), 2 survivors (2048K)
 Metaspace       used 105556K, capacity 108633K, committed 108904K, reserved 1144832K
  class space    used 13344K, capacity 14486K, committed 14592K, reserved 1048576K
}
Event: 257.415 GC heap before
{Heap before GC invocations=97 (full 0):
 garbage-first heap   total 264192K, used 228757K [0x0000000080000000, 0x0000000100000000)
  region size 1024K, 15 young (15360K), 2 survivors (2048K)
 Metaspace       used 107403K, capacity 110553K, committed 110824K, reserved 1144832K
  class space    used 13485K, capacity 14648K, committed 14720K, reserved 1048576K
}
Event: 257.433 GC heap after
{Heap after GC invocations=98 (full 0):
 garbage-first heap   total 264192K, used 217064K [0x0000000080000000, 0x0000000100000000)
  region size 1024K, 2 young (2048K), 2 survivors (2048K)
 Metaspace       used 107403K, capacity 110553K, committed 110824K, reserved 1144832K
  class space    used 13485K, capacity 14648K, committed 14720K, reserved 1048576K
}
Event: 258.792 GC heap before
{Heap before GC invocations=99 (full 0):
 garbage-first heap   total 264192K, used 202728K [0x0000000080000000, 0x0000000100000000)
  region size 1024K, 14 young (14336K), 2 survivors (2048K)
 Metaspace       used 108486K, capacity 111664K, committed 111976K, reserved 1146880K
  class space    used 13573K, capacity 14741K, committed 14848K, reserved 1048576K
}
Event: 258.803 GC heap after
{Heap after GC invocations=100 (full 0):
 garbage-first heap   total 264192K, used 193149K [0x0000000080000000, 0x0000000100000000)
  region size 1024K, 2 young (2048K), 2 survivors (2048K)
 Metaspace       used 108486K, capacity 111664K, committed 111976K, reserved 1146880K
  class space    used 13573K, capacity 14741K, committed 14848K, reserved 1048576K
}

